timeout: the monitored command dumped core
-6 Main Parameters
	-task = algorithm-selection
	-mode = hyper
	-file = /home/giulio/Documents/Projects/decision-trees-asp/data/experiments/../../data-preparation/aslib_data-master/SAT03-16_INDU/2-bins/8-cv/SAT03-16_INDU-2-bins.txt
	-test-file = /home/giulio/Documents/Projects/decision-trees-asp/data/experiments/../../data-preparation/aslib_data-master/SAT03-16_INDU/2-bins/8-cv/SAT03-16_INDU-2-bins-test.txt
	-time = 3610
	-max-depth = 0
	-max-num-nodes = 0
	-max-num-features = 2147483647
	-num-instances = 2147483647
	-num-labels = 10
	-verbose = 1
	-all-trees = 0
	-train-test-split = 0
	-stratify = 1
	-min-leaf-node-size = 1
Algorithmic Parameters
	-similarity-lower-bound = 1
	-use-upper-bound = 1
	-use-lower-bound = 1
	-feature-ordering = in-order
	-random-seed = 4
	-use-branch-caching = 1
	-use-dataset-caching = 0
	-duplicate-factor = 1
Objective Parameters
	-cost-file = /home/giulio/Documents/Projects/decision-trees-asp/data/experiments/../../data-preparation/aslib_data-master/SAT03-16_INDU/2-bins/SAT03-16_INDU-2-bins-costs.txt
	-ppg-teacher-method = DM
	-discrimination-limit = 1
	-cost-complexity = 0.01
	-confidence-coefficient = 0.25
	-beta = 0
	-tau = 0
Optimal tree computation started!
514 combinations to try

timeout: the monitored command dumped core
-6 Main Parameters
	-task = algorithm-selection
	-mode = hyper
	-file = /home/giulio/Documents/Projects/decision-trees-asp/data/experiments/../../data-preparation/aslib_data-master/SAT20-MAIN/2-bins/8-cv/SAT20-MAIN-2-bins.txt
	-test-file = /home/giulio/Documents/Projects/decision-trees-asp/data/experiments/../../data-preparation/aslib_data-master/SAT20-MAIN/2-bins/8-cv/SAT20-MAIN-2-bins-test.txt
	-time = 3610
	-max-depth = 0
	-max-num-nodes = 0
	-max-num-features = 2147483647
	-num-instances = 2147483647
	-num-labels = 67
	-verbose = 1
	-all-trees = 0
	-train-test-split = 0
	-stratify = 1
	-min-leaf-node-size = 1
Algorithmic Parameters
	-similarity-lower-bound = 1
	-use-upper-bound = 1
	-use-lower-bound = 1
	-feature-ordering = in-order
	-random-seed = 4
	-use-branch-caching = 1
	-use-dataset-caching = 0
	-duplicate-factor = 1
Objective Parameters
	-cost-file = /home/giulio/Documents/Projects/decision-trees-asp/data/experiments/../../data-preparation/aslib_data-master/SAT20-MAIN/2-bins/SAT20-MAIN-2-bins-costs.txt
	-ppg-teacher-method = DM
	-discrimination-limit = 1
	-cost-complexity = 0.01
	-confidence-coefficient = 0.25
	-beta = 0
	-tau = 0
Optimal tree computation started!
514 combinations to try

timeout: the monitored command dumped core
-6 Main Parameters
	-task = algorithm-selection
	-mode = hyper
	-file = /home/giulio/Documents/Projects/decision-trees-asp/data/experiments/../../data-preparation/aslib_data-master/GRAPHS-2015/2-bins/5-cv/GRAPHS-2015-2-bins.txt
	-test-file = /home/giulio/Documents/Projects/decision-trees-asp/data/experiments/../../data-preparation/aslib_data-master/GRAPHS-2015/2-bins/5-cv/GRAPHS-2015-2-bins-test.txt
	-time = 3610
	-max-depth = 0
	-max-num-nodes = 0
	-max-num-features = 2147483647
	-num-instances = 2147483647
	-num-labels = 7
	-verbose = 1
	-all-trees = 0
	-train-test-split = 0
	-stratify = 1
	-min-leaf-node-size = 1
Algorithmic Parameters
	-similarity-lower-bound = 1
	-use-upper-bound = 1
	-use-lower-bound = 1
	-feature-ordering = in-order
	-random-seed = 4
	-use-branch-caching = 1
	-use-dataset-caching = 0
	-duplicate-factor = 1
Objective Parameters
	-cost-file = /home/giulio/Documents/Projects/decision-trees-asp/data/experiments/../../data-preparation/aslib_data-master/GRAPHS-2015/2-bins/GRAPHS-2015-2-bins-costs.txt
	-ppg-teacher-method = DM
	-discrimination-limit = 1
	-cost-complexity = 0.01
	-confidence-coefficient = 0.25
	-beta = 0
	-tau = 0
Optimal tree computation started!
514 combinations to try

timeout: the monitored command dumped core
-6 Main Parameters
	-task = algorithm-selection
	-mode = hyper
	-file = /home/giulio/Documents/Projects/decision-trees-asp/data/experiments/../../data-preparation/aslib_data-master/MIP-2016/2-bins/6-cv/MIP-2016-2-bins.txt
	-test-file = /home/giulio/Documents/Projects/decision-trees-asp/data/experiments/../../data-preparation/aslib_data-master/MIP-2016/2-bins/6-cv/MIP-2016-2-bins-test.txt
	-time = 3610
	-max-depth = 0
	-max-num-nodes = 0
	-max-num-features = 2147483647
	-num-instances = 2147483647
	-num-labels = 5
	-verbose = 1
	-all-trees = 0
	-train-test-split = 0
	-stratify = 1
	-min-leaf-node-size = 1
Algorithmic Parameters
	-similarity-lower-bound = 1
	-use-upper-bound = 1
	-use-lower-bound = 1
	-feature-ordering = in-order
	-random-seed = 4
	-use-branch-caching = 1
	-use-dataset-caching = 0
	-duplicate-factor = 1
Objective Parameters
	-cost-file = /home/giulio/Documents/Projects/decision-trees-asp/data/experiments/../../data-preparation/aslib_data-master/MIP-2016/2-bins/MIP-2016-2-bins-costs.txt
	-ppg-teacher-method = DM
	-discrimination-limit = 1
	-cost-complexity = 0.01
	-confidence-coefficient = 0.25
	-beta = 0
	-tau = 0
Optimal tree computation started!
514 combinations to try

timeout: the monitored command dumped core
-6 Main Parameters
	-task = algorithm-selection
	-mode = hyper
	-file = /home/giulio/Documents/Projects/decision-trees-asp/data/experiments/../../data-preparation/aslib_data-master/CSP-Minizinc-Time-2016/2-bins/7-cv/CSP-Minizinc-Time-2016-2-bins.txt
	-test-file = /home/giulio/Documents/Projects/decision-trees-asp/data/experiments/../../data-preparation/aslib_data-master/CSP-Minizinc-Time-2016/2-bins/7-cv/CSP-Minizinc-Time-2016-2-bins-test.txt
	-time = 3610
	-max-depth = 0
	-max-num-nodes = 0
	-max-num-features = 2147483647
	-num-instances = 2147483647
	-num-labels = 20
	-verbose = 1
	-all-trees = 0
	-train-test-split = 0
	-stratify = 1
	-min-leaf-node-size = 1
Algorithmic Parameters
	-similarity-lower-bound = 1
	-use-upper-bound = 1
	-use-lower-bound = 1
	-feature-ordering = in-order
	-random-seed = 4
	-use-branch-caching = 1
	-use-dataset-caching = 0
	-duplicate-factor = 1
Objective Parameters
	-cost-file = /home/giulio/Documents/Projects/decision-trees-asp/data/experiments/../../data-preparation/aslib_data-master/CSP-Minizinc-Time-2016/2-bins/CSP-Minizinc-Time-2016-2-bins-costs.txt
	-ppg-teacher-method = DM
	-discrimination-limit = 1
	-cost-complexity = 0.01
	-confidence-coefficient = 0.25
	-beta = 0
	-tau = 0
Optimal tree computation started!
514 combinations to try

timeout: the monitored command dumped core
-6 Main Parameters
	-task = algorithm-selection
	-mode = hyper
	-file = /home/giulio/Documents/Projects/decision-trees-asp/data/experiments/../../data-preparation/aslib_data-master/SAT03-16_INDU/2-bins/7-cv/SAT03-16_INDU-2-bins.txt
	-test-file = /home/giulio/Documents/Projects/decision-trees-asp/data/experiments/../../data-preparation/aslib_data-master/SAT03-16_INDU/2-bins/7-cv/SAT03-16_INDU-2-bins-test.txt
	-time = 3610
	-max-depth = 0
	-max-num-nodes = 0
	-max-num-features = 2147483647
	-num-instances = 2147483647
	-num-labels = 10
	-verbose = 1
	-all-trees = 0
	-train-test-split = 0
	-stratify = 1
	-min-leaf-node-size = 1
Algorithmic Parameters
	-similarity-lower-bound = 1
	-use-upper-bound = 1
	-use-lower-bound = 1
	-feature-ordering = in-order
	-random-seed = 4
	-use-branch-caching = 1
	-use-dataset-caching = 0
	-duplicate-factor = 1
Objective Parameters
	-cost-file = /home/giulio/Documents/Projects/decision-trees-asp/data/experiments/../../data-preparation/aslib_data-master/SAT03-16_INDU/2-bins/SAT03-16_INDU-2-bins-costs.txt
	-ppg-teacher-method = DM
	-discrimination-limit = 1
	-cost-complexity = 0.01
	-confidence-coefficient = 0.25
	-beta = 0
	-tau = 0
Optimal tree computation started!
514 combinations to try

timeout: the monitored command dumped core
-6 Main Parameters
	-task = algorithm-selection
	-mode = hyper
	-file = /home/giulio/Documents/Projects/decision-trees-asp/data/experiments/../../data-preparation/aslib_data-master/SAT20-MAIN/2-bins/4-cv/SAT20-MAIN-2-bins.txt
	-test-file = /home/giulio/Documents/Projects/decision-trees-asp/data/experiments/../../data-preparation/aslib_data-master/SAT20-MAIN/2-bins/4-cv/SAT20-MAIN-2-bins-test.txt
	-time = 3610
	-max-depth = 0
	-max-num-nodes = 0
	-max-num-features = 2147483647
	-num-instances = 2147483647
	-num-labels = 67
	-verbose = 1
	-all-trees = 0
	-train-test-split = 0
	-stratify = 1
	-min-leaf-node-size = 1
Algorithmic Parameters
	-similarity-lower-bound = 1
	-use-upper-bound = 1
	-use-lower-bound = 1
	-feature-ordering = in-order
	-random-seed = 4
	-use-branch-caching = 1
	-use-dataset-caching = 0
	-duplicate-factor = 1
Objective Parameters
	-cost-file = /home/giulio/Documents/Projects/decision-trees-asp/data/experiments/../../data-preparation/aslib_data-master/SAT20-MAIN/2-bins/SAT20-MAIN-2-bins-costs.txt
	-ppg-teacher-method = DM
	-discrimination-limit = 1
	-cost-complexity = 0.01
	-confidence-coefficient = 0.25
	-beta = 0
	-tau = 0
Optimal tree computation started!
514 combinations to try

